#-----------------------------------------------------------
# Vivado v2018.3 (64-bit)
# SW Build 2405991 on Thu Dec  6 23:38:27 MST 2018
# IP Build 2404404 on Fri Dec  7 01:43:56 MST 2018
# Start of session at: Mon Nov 11 23:54:00 2024
# Process ID: 23196
# Current directory: D:/custom_ip/managed_ip_project/managed_ip_project.tmp/our_dac_v1_0_project
# Command line: vivado.exe -gui_launcher_event rodinguilauncherevent4208 D:\custom_ip\managed_ip_project\managed_ip_project.tmp\our_dac_v1_0_project\our_dac_v1_0_project.xpr
# Log file: D:/custom_ip/managed_ip_project/managed_ip_project.tmp/our_dac_v1_0_project/vivado.log
# Journal file: D:/custom_ip/managed_ip_project/managed_ip_project.tmp/our_dac_v1_0_project\vivado.jou
#-----------------------------------------------------------
start_gui
open_project D:/custom_ip/managed_ip_project/managed_ip_project.tmp/our_dac_v1_0_project/our_dac_v1_0_project.xpr
WARNING: [filemgmt 56-99] Vivado Synthesis ignores library specification for Verilog or SystemVerilog files. [D:/custom_ip/ip_repo/our_dac_1.0/src/PhaseAccumulator.v:]
WARNING: [filemgmt 56-99] Vivado Synthesis ignores library specification for Verilog or SystemVerilog files. [D:/custom_ip/ip_repo/our_dac_1.0/src/SineROM.v:]
WARNING: [filemgmt 56-99] Vivado Synthesis ignores library specification for Verilog or SystemVerilog files. [D:/custom_ip/ip_repo/our_dac_1.0/src/dac666.v:]
WARNING: [filemgmt 56-99] Vivado Synthesis ignores library specification for Verilog or SystemVerilog files. [D:/custom_ip/ip_repo/our_dac_1.0/src/module DAC904_WriteModule.v:]
WARNING: [filemgmt 56-99] Vivado Synthesis ignores library specification for Verilog or SystemVerilog files. [D:/custom_ip/ip_repo/our_dac_1.0/hdl/our_dac_v1_0_S0_AXI.v:]
WARNING: [filemgmt 56-99] Vivado Synthesis ignores library specification for Verilog or SystemVerilog files. [D:/custom_ip/ip_repo/our_dac_1.0/src/reset_sync.v:]
WARNING: [filemgmt 56-99] Vivado Synthesis ignores library specification for Verilog or SystemVerilog files. [D:/custom_ip/ip_repo/our_dac_1.0/hdl/our_dac_v1_0.v:]
Scanning sources...
Finished scanning sources
WARNING: [filemgmt 56-99] Vivado Synthesis ignores library specification for Verilog or SystemVerilog files. [D:/custom_ip/ip_repo/our_dac_1.0/src/PhaseAccumulator.v:]
WARNING: [filemgmt 56-99] Vivado Synthesis ignores library specification for Verilog or SystemVerilog files. [D:/custom_ip/ip_repo/our_dac_1.0/src/SineROM.v:]
WARNING: [filemgmt 56-99] Vivado Synthesis ignores library specification for Verilog or SystemVerilog files. [D:/custom_ip/ip_repo/our_dac_1.0/src/dac666.v:]
WARNING: [filemgmt 56-99] Vivado Synthesis ignores library specification for Verilog or SystemVerilog files. [D:/custom_ip/ip_repo/our_dac_1.0/src/module DAC904_WriteModule.v:]
WARNING: [filemgmt 56-99] Vivado Synthesis ignores library specification for Verilog or SystemVerilog files. [D:/custom_ip/ip_repo/our_dac_1.0/hdl/our_dac_v1_0_S0_AXI.v:]
WARNING: [filemgmt 56-99] Vivado Synthesis ignores library specification for Verilog or SystemVerilog files. [D:/custom_ip/ip_repo/our_dac_1.0/src/reset_sync.v:]
WARNING: [filemgmt 56-99] Vivado Synthesis ignores library specification for Verilog or SystemVerilog files. [D:/custom_ip/ip_repo/our_dac_1.0/hdl/our_dac_v1_0.v:]
INFO: [IP_Flow 19-234] Refreshing IP repositories
INFO: [IP_Flow 19-1700] Loaded user IP repository 'd:/custom_ip/ip_repo/our_dac_1.0'.
INFO: [IP_Flow 19-2313] Loaded Vivado IP repository 'D:/Xilinx/Vivado/2018.3/data/ip'.
open_project: Time (s): cpu = 00:00:06 ; elapsed = 00:00:07 . Memory (MB): peak = 750.777 ; gain = 146.469
update_compile_order -fileset sources_1
exit
INFO: [Common 17-206] Exiting Vivado at Tue Nov 12 00:07:47 2024...
