#-----------------------------------------------------------
# Vivado v2018.3 (64-bit)
# SW Build 2405991 on Thu Dec  6 23:38:27 MST 2018
# IP Build 2404404 on Fri Dec  7 01:43:56 MST 2018
# Start of session at: Mon Nov 11 23:53:55 2024
# Process ID: 4224
# Current directory: D:/custom_ip/managed_ip_project
# Command line: vivado.exe -gui_launcher_event rodinguilauncherevent20500 D:\custom_ip\managed_ip_project\managed_ip_project.xpr
# Log file: D:/custom_ip/managed_ip_project/vivado.log
# Journal file: D:/custom_ip/managed_ip_project\vivado.jou
#-----------------------------------------------------------
start_gui
open_project D:/custom_ip/managed_ip_project/managed_ip_project.xpr
Scanning sources...
Finished scanning sources
INFO: [IP_Flow 19-234] Refreshing IP repositories
INFO: [IP_Flow 19-1700] Loaded user IP repository 'd:/custom_ip/ip_repo/our_dac_1.0'.
INFO: [IP_Flow 19-2313] Loaded Vivado IP repository 'D:/Xilinx/Vivado/2018.3/data/ip'.
open_project: Time (s): cpu = 00:00:04 ; elapsed = 00:00:06 . Memory (MB): peak = 720.473 ; gain = 118.551
exit
INFO: [Common 17-206] Exiting Vivado at Tue Nov 12 00:07:51 2024...
