Copyright 1986-2018 Xilinx, Inc. All Rights Reserved.
--------------------------------------------------------------------------------------------
| Tool Version : Vivado v.2018.3 (win64) Build 2405991 Thu Dec  6 23:38:27 MST 2018
| Date         : Mon Nov 11 19:18:21 2024
| Host         : assassin running 64-bit major release  (build 9200)
| Command      : report_control_sets -verbose -file dac_sys_wrapper_control_sets_placed.rpt
| Design       : dac_sys_wrapper
| Device       : xc7z020
--------------------------------------------------------------------------------------------

Control Set Information

Table of Contents
-----------------
1. Summary
2. Histogram
3. Flip-Flop Distribution
4. Detailed Control Set Information

1. Summary
----------

+----------------------------------------------------------+-------+
|                          Status                          | Count |
+----------------------------------------------------------+-------+
| Number of unique control sets                            |    51 |
| Unused register locations in slices containing registers |   118 |
+----------------------------------------------------------+-------+


2. Histogram
------------

+--------+--------------+
| Fanout | Control Sets |
+--------+--------------+
|      1 |            2 |
|      2 |            2 |
|      4 |            7 |
|      5 |            3 |
|      6 |            1 |
|      8 |           17 |
|     10 |            2 |
|     13 |            2 |
|     14 |            2 |
|    16+ |           13 |
+--------+--------------+


3. Flip-Flop Distribution
-------------------------

+--------------+-----------------------+------------------------+-----------------+--------------+
| Clock Enable | Synchronous Set/Reset | Asynchronous Set/Reset | Total Registers | Total Slices |
+--------------+-----------------------+------------------------+-----------------+--------------+
| No           | No                    | No                     |             110 |           34 |
| No           | No                    | Yes                    |             136 |           74 |
| No           | Yes                   | No                     |              32 |           13 |
| Yes          | No                    | No                     |             272 |           65 |
| Yes          | No                    | Yes                    |              54 |           11 |
| Yes          | Yes                   | No                     |             190 |           41 |
+--------------+-----------------------+------------------------+-----------------+--------------+


4. Detailed Control Set Information
-----------------------------------

+--------------------------------------------------------------------------------------------+---------------------------------------------------------------------------------------------------------------------------------------------------------------+------------------------------------------------------------------------------------------------------------------------------------------------------+------------------+----------------+
|                                        Clock Signal                                        |                                                                         Enable Signal                                                                         |                                                                   Set/Reset Signal                                                                   | Slice Load Count | Bel Load Count |
+--------------------------------------------------------------------------------------------+---------------------------------------------------------------------------------------------------------------------------------------------------------------+------------------------------------------------------------------------------------------------------------------------------------------------------+------------------+----------------+
|  dac_sys_i/our_dac_0/inst/our_dac_v1_0_S0_AXI_inst/u_dac666/clk_wiz_instance/inst/clk_out1 |                                                                                                                                                               |                                                                                                                                                      |                1 |              1 |
|  dac_sys_i/processing_system7_0/inst/FCLK_CLK0                                             | dac_sys_i/ps7_0_axi_periph/s00_couplers/auto_pc/inst/gen_axilite.gen_b2s_conv.axilite_b2s/WR.aw_channel_0/aw_cmd_fsm_0/m_axi_awready_1                        | dac_sys_i/ps7_0_axi_periph/s00_couplers/auto_pc/inst/gen_axilite.gen_b2s_conv.axilite_b2s/WR.aw_channel_0/aw_cmd_fsm_0/m_axi_awready_0               |                1 |              1 |
|  dac_sys_i/processing_system7_0/inst/FCLK_CLK0                                             | dac_sys_i/ps7_0_axi_periph/s00_couplers/auto_pc/inst/gen_axilite.gen_b2s_conv.axilite_b2s/WR.b_channel_0/bid_fifo_0/sel                                       |                                                                                                                                                      |                1 |              2 |
|  dac_sys_i/our_dac_0/inst/our_dac_v1_0_S0_AXI_inst/u_dac666/clk_wiz_instance/inst/clk_out1 |                                                                                                                                                               | dac_sys_i/our_dac_0/inst/our_dac_v1_0_S0_AXI_inst/u_dac666/U0_reset_sync/s0_axi_aresetn_0                                                            |                1 |              2 |
|  dac_sys_i/processing_system7_0/inst/FCLK_CLK0                                             | dac_sys_i/ps7_0_axi_periph/s00_couplers/auto_pc/inst/gen_axilite.gen_b2s_conv.axilite_b2s/WR.aw_channel_0/aw_cmd_fsm_0/E[0]                                   |                                                                                                                                                      |                2 |              4 |
|  dac_sys_i/processing_system7_0/inst/FCLK_CLK0                                             | dac_sys_i/ps7_0_axi_periph/s00_couplers/auto_pc/inst/gen_axilite.gen_b2s_conv.axilite_b2s/RD.ar_channel_0/ar_cmd_fsm_0/sel_first_reg[0]                       |                                                                                                                                                      |                1 |              4 |
|  dac_sys_i/processing_system7_0/inst/FCLK_CLK0                                             |                                                                                                                                                               | dac_sys_i/rst_ps7_0_100M/U0/EXT_LPF/lpf_int                                                                                                          |                1 |              4 |
|  dac_sys_i/processing_system7_0/inst/FCLK_CLK0                                             | dac_sys_i/ps7_0_axi_periph/s00_couplers/auto_pc/inst/gen_axilite.gen_b2s_conv.axilite_b2s/RD.ar_channel_0/ar_cmd_fsm_0/E[0]                                   |                                                                                                                                                      |                2 |              4 |
|  dac_sys_i/processing_system7_0/inst/FCLK_CLK0                                             |                                                                                                                                                               | dac_sys_i/ps7_0_axi_periph/s00_couplers/auto_pc/inst/gen_axilite.gen_b2s_conv.axilite_b2s/SI_REG/ar.ar_pipe/aresetn_d_reg[1]_inv_0                   |                2 |              4 |
|  dac_sys_i/processing_system7_0/inst/FCLK_CLK0                                             |                                                                                                                                                               | dac_sys_i/ps7_0_axi_periph/s00_couplers/auto_pc/inst/gen_axilite.gen_b2s_conv.axilite_b2s/SI_REG/aw.aw_pipe/aresetn_d_reg[0]_0                       |                2 |              4 |
|  dac_sys_i/processing_system7_0/inst/FCLK_CLK0                                             | dac_sys_i/ps7_0_axi_periph/s00_couplers/auto_pc/inst/gen_axilite.gen_b2s_conv.axilite_b2s/WR.aw_channel_0/cmd_translator_0/incr_cmd_0/axaddr_incr[11]_i_1_n_0 |                                                                                                                                                      |                2 |              4 |
|  dac_sys_i/processing_system7_0/inst/FCLK_CLK0                                             | dac_sys_i/ps7_0_axi_periph/s00_couplers/auto_pc/inst/gen_axilite.gen_b2s_conv.axilite_b2s/RD.ar_channel_0/ar_cmd_fsm_0/m_valid_i_reg                          | dac_sys_i/ps7_0_axi_periph/s00_couplers/auto_pc/inst/gen_axilite.gen_b2s_conv.axilite_b2s/RD.ar_channel_0/ar_cmd_fsm_0/FSM_sequential_state_reg[0]_0 |                2 |              5 |
|  dac_sys_i/processing_system7_0/inst/FCLK_CLK0                                             | dac_sys_i/ps7_0_axi_periph/s00_couplers/auto_pc/inst/gen_axilite.gen_b2s_conv.axilite_b2s/RD.r_channel_0/rd_data_fifo_0/E[0]                                  | dac_sys_i/ps7_0_axi_periph/s00_couplers/auto_pc/inst/gen_axilite.gen_b2s_conv.axilite_b2s/areset_d1                                                  |                1 |              5 |
|  dac_sys_i/processing_system7_0/inst/FCLK_CLK0                                             | dac_sys_i/ps7_0_axi_periph/s00_couplers/auto_pc/inst/gen_axilite.gen_b2s_conv.axilite_b2s/RD.r_channel_0/rd_data_fifo_0/cnt_read[4]_i_1_n_0                   | dac_sys_i/ps7_0_axi_periph/s00_couplers/auto_pc/inst/gen_axilite.gen_b2s_conv.axilite_b2s/areset_d1                                                  |                1 |              5 |
|  dac_sys_i/processing_system7_0/inst/FCLK_CLK0                                             | dac_sys_i/rst_ps7_0_100M/U0/SEQ/seq_cnt_en                                                                                                                    | dac_sys_i/rst_ps7_0_100M/U0/SEQ/SEQ_COUNTER/clear                                                                                                    |                1 |              6 |
|  dac_sys_i/processing_system7_0/inst/FCLK_CLK0                                             | dac_sys_i/our_dac_0/inst/our_dac_v1_0_S0_AXI_inst/p_1_in[7]                                                                                                   | dac_sys_i/our_dac_0/inst/our_dac_v1_0_S0_AXI_inst/u_dac666/U0_reset_sync/s0_axi_aresetn_0                                                            |                1 |              8 |
|  dac_sys_i/processing_system7_0/inst/FCLK_CLK0                                             | dac_sys_i/our_dac_0/inst/our_dac_v1_0_S0_AXI_inst/p_1_in[31]                                                                                                  | dac_sys_i/our_dac_0/inst/our_dac_v1_0_S0_AXI_inst/u_dac666/U0_reset_sync/s0_axi_aresetn_0                                                            |                3 |              8 |
|  dac_sys_i/processing_system7_0/inst/FCLK_CLK0                                             | dac_sys_i/our_dac_0/inst/our_dac_v1_0_S0_AXI_inst/slv_reg1[23]_i_1_n_0                                                                                        | dac_sys_i/our_dac_0/inst/our_dac_v1_0_S0_AXI_inst/u_dac666/U0_reset_sync/s0_axi_aresetn_0                                                            |                2 |              8 |
|  dac_sys_i/processing_system7_0/inst/FCLK_CLK0                                             | dac_sys_i/our_dac_0/inst/our_dac_v1_0_S0_AXI_inst/slv_reg1[7]_i_1_n_0                                                                                         | dac_sys_i/our_dac_0/inst/our_dac_v1_0_S0_AXI_inst/u_dac666/U0_reset_sync/s0_axi_aresetn_0                                                            |                1 |              8 |
|  dac_sys_i/processing_system7_0/inst/FCLK_CLK0                                             | dac_sys_i/our_dac_0/inst/our_dac_v1_0_S0_AXI_inst/slv_reg1[31]_i_1_n_0                                                                                        | dac_sys_i/our_dac_0/inst/our_dac_v1_0_S0_AXI_inst/u_dac666/U0_reset_sync/s0_axi_aresetn_0                                                            |                1 |              8 |
|  dac_sys_i/processing_system7_0/inst/FCLK_CLK0                                             | dac_sys_i/our_dac_0/inst/our_dac_v1_0_S0_AXI_inst/slv_reg1[15]_i_1_n_0                                                                                        | dac_sys_i/our_dac_0/inst/our_dac_v1_0_S0_AXI_inst/u_dac666/U0_reset_sync/s0_axi_aresetn_0                                                            |                1 |              8 |
|  dac_sys_i/processing_system7_0/inst/FCLK_CLK0                                             | dac_sys_i/our_dac_0/inst/our_dac_v1_0_S0_AXI_inst/slv_reg2[31]_i_1_n_0                                                                                        | dac_sys_i/our_dac_0/inst/our_dac_v1_0_S0_AXI_inst/u_dac666/U0_reset_sync/s0_axi_aresetn_0                                                            |                1 |              8 |
|  dac_sys_i/processing_system7_0/inst/FCLK_CLK0                                             | dac_sys_i/our_dac_0/inst/our_dac_v1_0_S0_AXI_inst/slv_reg0[23]_i_1_n_0                                                                                        | dac_sys_i/our_dac_0/inst/our_dac_v1_0_S0_AXI_inst/u_dac666/U0_reset_sync/s0_axi_aresetn_0                                                            |                1 |              8 |
|  dac_sys_i/processing_system7_0/inst/FCLK_CLK0                                             | dac_sys_i/our_dac_0/inst/our_dac_v1_0_S0_AXI_inst/slv_reg0[7]_i_1_n_0                                                                                         | dac_sys_i/our_dac_0/inst/our_dac_v1_0_S0_AXI_inst/u_dac666/U0_reset_sync/s0_axi_aresetn_0                                                            |                3 |              8 |
|  dac_sys_i/processing_system7_0/inst/FCLK_CLK0                                             | dac_sys_i/our_dac_0/inst/our_dac_v1_0_S0_AXI_inst/slv_reg0[15]_i_1_n_0                                                                                        | dac_sys_i/our_dac_0/inst/our_dac_v1_0_S0_AXI_inst/u_dac666/U0_reset_sync/s0_axi_aresetn_0                                                            |                3 |              8 |
|  dac_sys_i/processing_system7_0/inst/FCLK_CLK0                                             | dac_sys_i/our_dac_0/inst/our_dac_v1_0_S0_AXI_inst/slv_reg0[31]_i_1_n_0                                                                                        | dac_sys_i/our_dac_0/inst/our_dac_v1_0_S0_AXI_inst/u_dac666/U0_reset_sync/s0_axi_aresetn_0                                                            |                1 |              8 |
|  dac_sys_i/processing_system7_0/inst/FCLK_CLK0                                             | dac_sys_i/our_dac_0/inst/our_dac_v1_0_S0_AXI_inst/p_1_in[15]                                                                                                  | dac_sys_i/our_dac_0/inst/our_dac_v1_0_S0_AXI_inst/u_dac666/U0_reset_sync/s0_axi_aresetn_0                                                            |                1 |              8 |
|  dac_sys_i/processing_system7_0/inst/FCLK_CLK0                                             | dac_sys_i/our_dac_0/inst/our_dac_v1_0_S0_AXI_inst/p_1_in[23]                                                                                                  | dac_sys_i/our_dac_0/inst/our_dac_v1_0_S0_AXI_inst/u_dac666/U0_reset_sync/s0_axi_aresetn_0                                                            |                1 |              8 |
|  dac_sys_i/processing_system7_0/inst/FCLK_CLK0                                             | dac_sys_i/ps7_0_axi_periph/s00_couplers/auto_pc/inst/gen_axilite.gen_b2s_conv.axilite_b2s/WR.b_channel_0/mhandshake_r                                         | dac_sys_i/ps7_0_axi_periph/s00_couplers/auto_pc/inst/gen_axilite.gen_b2s_conv.axilite_b2s/WR.b_channel_0/bid_fifo_0/SR[0]                            |                2 |              8 |
|  dac_sys_i/processing_system7_0/inst/FCLK_CLK0                                             | dac_sys_i/our_dac_0/inst/our_dac_v1_0_S0_AXI_inst/slv_reg2[23]_i_1_n_0                                                                                        | dac_sys_i/our_dac_0/inst/our_dac_v1_0_S0_AXI_inst/u_dac666/U0_reset_sync/s0_axi_aresetn_0                                                            |                1 |              8 |
|  dac_sys_i/processing_system7_0/inst/FCLK_CLK0                                             | dac_sys_i/our_dac_0/inst/our_dac_v1_0_S0_AXI_inst/slv_reg2[7]_i_1_n_0                                                                                         | dac_sys_i/our_dac_0/inst/our_dac_v1_0_S0_AXI_inst/u_dac666/U0_reset_sync/s0_axi_aresetn_0                                                            |                1 |              8 |
|  dac_sys_i/processing_system7_0/inst/FCLK_CLK0                                             | dac_sys_i/our_dac_0/inst/our_dac_v1_0_S0_AXI_inst/slv_reg2[15]_i_1_n_0                                                                                        | dac_sys_i/our_dac_0/inst/our_dac_v1_0_S0_AXI_inst/u_dac666/U0_reset_sync/s0_axi_aresetn_0                                                            |                1 |              8 |
|  dac_sys_i/processing_system7_0/inst/FCLK_CLK0                                             |                                                                                                                                                               | dac_sys_i/our_dac_0/inst/our_dac_v1_0_S0_AXI_inst/u_dac666/U0_reset_sync/s0_axi_aresetn_0                                                            |                4 |             10 |
|  dac_sys_i/processing_system7_0/inst/FCLK_CLK0                                             |                                                                                                                                                               | dac_sys_i/ps7_0_axi_periph/s00_couplers/auto_pc/inst/gen_axilite.gen_b2s_conv.axilite_b2s/areset_d1                                                  |                4 |             10 |
|  dac_sys_i/processing_system7_0/inst/FCLK_CLK0                                             | dac_sys_i/ps7_0_axi_periph/s00_couplers/auto_pc/inst/gen_axilite.gen_b2s_conv.axilite_b2s/RD.r_channel_0/r_push_r                                             |                                                                                                                                                      |                4 |             13 |
|  dac_sys_i/processing_system7_0/inst/FCLK_CLK0                                             | dac_sys_i/ps7_0_axi_periph/s00_couplers/auto_pc/inst/gen_axilite.gen_b2s_conv.axilite_b2s/RD.ar_channel_0/ar_cmd_fsm_0/m_valid_i_reg                          |                                                                                                                                                      |                7 |             13 |
|  dac_sys_i/processing_system7_0/inst/FCLK_CLK0                                             | dac_sys_i/ps7_0_axi_periph/s00_couplers/auto_pc/inst/gen_axilite.gen_b2s_conv.axilite_b2s/SI_REG/b.b_pipe/s_ready_i_reg_0                                     |                                                                                                                                                      |                2 |             14 |
|  dac_sys_i/processing_system7_0/inst/FCLK_CLK0                                             | dac_sys_i/ps7_0_axi_periph/s00_couplers/auto_pc/inst/gen_axilite.gen_b2s_conv.axilite_b2s/SI_REG/b.b_pipe/p_1_in                                              |                                                                                                                                                      |                2 |             14 |
|  dac_sys_i/processing_system7_0/inst/FCLK_CLK0                                             | dac_sys_i/ps7_0_axi_periph/s00_couplers/auto_pc/inst/gen_axilite.gen_b2s_conv.axilite_b2s/WR.aw_channel_0/aw_cmd_fsm_0/b_push                                 |                                                                                                                                                      |                3 |             16 |
|  dac_sys_i/processing_system7_0/inst/FCLK_CLK0                                             | dac_sys_i/ps7_0_axi_periph/s00_couplers/auto_pc/inst/gen_axilite.gen_b2s_conv.axilite_b2s/WR.aw_channel_0/aw_cmd_fsm_0/m_axi_awready_1                        |                                                                                                                                                      |                6 |             17 |
|  dac_sys_i/processing_system7_0/inst/FCLK_CLK0                                             | dac_sys_i/ps7_0_axi_periph/s00_couplers/auto_pc/inst/gen_axilite.gen_b2s_conv.axilite_b2s/WR.aw_channel_0/aw_cmd_fsm_0/m_valid_i_reg[0]                       |                                                                                                                                                      |                6 |             27 |
|  dac_sys_i/processing_system7_0/inst/FCLK_CLK0                                             | dac_sys_i/ps7_0_axi_periph/s00_couplers/auto_pc/inst/gen_axilite.gen_b2s_conv.axilite_b2s/RD.ar_channel_0/ar_cmd_fsm_0/FSM_sequential_state_reg[1]_0[0]       |                                                                                                                                                      |                7 |             27 |
|  dac_sys_i/processing_system7_0/inst/FCLK_CLK0                                             | dac_sys_i/ps7_0_axi_periph/s00_couplers/auto_pc/inst/gen_axilite.gen_b2s_conv.axilite_b2s/SI_REG/ar.ar_pipe/s_ready_i_reg_0                                   |                                                                                                                                                      |                6 |             27 |
|  dac_sys_i/processing_system7_0/inst/FCLK_CLK0                                             | dac_sys_i/ps7_0_axi_periph/s00_couplers/auto_pc/inst/gen_axilite.gen_b2s_conv.axilite_b2s/SI_REG/aw.aw_pipe/s_ready_i_reg_0                                   |                                                                                                                                                      |                5 |             27 |
|  dac_sys_i/processing_system7_0/inst/FCLK_CLK0                                             | dac_sys_i/our_dac_0/inst/our_dac_v1_0_S0_AXI_inst/slv_reg_rden__0                                                                                             | dac_sys_i/our_dac_0/inst/our_dac_v1_0_S0_AXI_inst/u_dac666/U0_reset_sync/s0_axi_aresetn_0                                                            |               10 |             32 |
|  dac_sys_i/processing_system7_0/inst/FCLK_CLK0                                             | dac_sys_i/ps7_0_axi_periph/s00_couplers/auto_pc/inst/gen_axilite.gen_b2s_conv.axilite_b2s/RD.r_channel_0/rd_data_fifo_0/wr_en0                                |                                                                                                                                                      |                9 |             32 |
|  dac_sys_i/processing_system7_0/inst/FCLK_CLK0                                             | dac_sys_i/ps7_0_axi_periph/s00_couplers/auto_pc/inst/gen_axilite.gen_b2s_conv.axilite_b2s/SI_REG/r.r_pipe/s_ready_i_reg_0                                     |                                                                                                                                                      |                9 |             45 |
|  dac_sys_i/processing_system7_0/inst/FCLK_CLK0                                             | dac_sys_i/ps7_0_axi_periph/s00_couplers/auto_pc/inst/gen_axilite.gen_b2s_conv.axilite_b2s/SI_REG/r.r_pipe/p_1_in                                              |                                                                                                                                                      |                8 |             45 |
|  sys_clk_IBUF_BUFG                                                                         | dac_sys_i/our_dac_0/inst/our_dac_v1_0_S0_AXI_inst/phase_en                                                                                                    | dac_sys_i/our_dac_0/inst/our_dac_v1_0_S0_AXI_inst/u_dac666/U0_reset_sync/s0_axi_aresetn_0                                                            |               11 |             54 |
|  dac_sys_i/processing_system7_0/inst/FCLK_CLK0                                             |                                                                                                                                                               |                                                                                                                                                      |               34 |            110 |
|  dac_sys_i/our_dac_0/inst/our_dac_v1_0_S0_AXI_inst/u_dac666/clk_wiz_instance/inst/clk_out1 |                                                                                                                                                               | dac_sys_i/our_dac_0/inst/our_dac_v1_0_S0_AXI_inst/u_dac666/U0_reset_sync/rst_sync_ff2_reg_0                                                          |               73 |            134 |
+--------------------------------------------------------------------------------------------+---------------------------------------------------------------------------------------------------------------------------------------------------------------+------------------------------------------------------------------------------------------------------------------------------------------------------+------------------+----------------+


