Copyright 1986-2018 Xilinx, Inc. All Rights Reserved.
-------------------------------------------------------------------------------------------------------------------------------------------------------------------
| Tool Version     : Vivado v.2018.3 (win64) Build 2405991 Thu Dec  6 23:38:27 MST 2018
| Date             : Mon Nov 11 19:18:54 2024
| Host             : assassin running 64-bit major release  (build 9200)
| Command          : report_power -file dac_sys_wrapper_power_routed.rpt -pb dac_sys_wrapper_power_summary_routed.pb -rpx dac_sys_wrapper_power_routed.rpx
| Design           : dac_sys_wrapper
| Device           : xc7z020clg400-1
| Design State     : routed
| Grade            : commercial
| Process          : typical
| Characterization : Production
-------------------------------------------------------------------------------------------------------------------------------------------------------------------

Power Report

Table of Contents
-----------------
1. Summary
1.1 On-Chip Components
1.2 Power Supply Summary
1.3 Confidence Level
2. Settings
2.1 Environment
2.2 Clock Constraints
3. Detailed Reports
3.1 By Hierarchy

1. Summary
----------

+--------------------------+--------------+
| Total On-Chip Power (W)  | 1.758        |
| Design Power Budget (W)  | Unspecified* |
| Power Budget Margin (W)  | NA           |
| Dynamic (W)              | 1.612        |
| Device Static (W)        | 0.146        |
| Effective TJA (C/W)      | 11.5         |
| Max Ambient (C)          | 64.7         |
| Junction Temperature (C) | 45.3         |
| Confidence Level         | Low          |
| Setting File             | ---          |
| Simulation Activity File | ---          |
| Design Nets Matched      | NA           |
+--------------------------+--------------+
* Specify Design Power Budget using, set_operating_conditions -design_power_budget <value in Watts>


1.1 On-Chip Components
----------------------

+-------------------------+-----------+----------+-----------+-----------------+
| On-Chip                 | Power (W) | Used     | Available | Utilization (%) |
+-------------------------+-----------+----------+-----------+-----------------+
| Clocks                  |     0.010 |        6 |       --- |             --- |
| Slice Logic             |     0.068 |     4224 |       --- |             --- |
|   LUT as Logic          |     0.066 |     2563 |     53200 |            4.82 |
|   F7/F8 Muxes           |     0.001 |      347 |     53200 |            0.65 |
|   CARRY4                |    <0.001 |       61 |     13300 |            0.46 |
|   Register              |    <0.001 |      794 |    106400 |            0.75 |
|   LUT as Shift Register |    <0.001 |       60 |     17400 |            0.34 |
|   Others                |     0.000 |      195 |       --- |             --- |
| Signals                 |     0.071 |     3022 |       --- |             --- |
| MMCM                    |     0.125 |        1 |         4 |           25.00 |
| DSPs                    |     0.003 |        2 |       220 |            0.91 |
| I/O                     |     0.082 |       16 |       125 |           12.80 |
| PS7                     |     1.253 |        1 |       --- |             --- |
| Static Power            |     0.146 |          |           |                 |
| Total                   |     1.758 |          |           |                 |
+-------------------------+-----------+----------+-----------+-----------------+


1.2 Power Supply Summary
------------------------

+-----------+-------------+-----------+-------------+------------+
| Source    | Voltage (V) | Total (A) | Dynamic (A) | Static (A) |
+-----------+-------------+-----------+-------------+------------+
| Vccint    |       1.000 |     0.168 |       0.152 |      0.015 |
| Vccaux    |       1.800 |     0.088 |       0.072 |      0.015 |
| Vcco33    |       3.300 |     0.024 |       0.023 |      0.001 |
| Vcco25    |       2.500 |     0.000 |       0.000 |      0.000 |
| Vcco18    |       1.800 |     0.000 |       0.000 |      0.000 |
| Vcco15    |       1.500 |     0.000 |       0.000 |      0.000 |
| Vcco135   |       1.350 |     0.000 |       0.000 |      0.000 |
| Vcco12    |       1.200 |     0.000 |       0.000 |      0.000 |
| Vccaux_io |       1.800 |     0.000 |       0.000 |      0.000 |
| Vccbram   |       1.000 |     0.001 |       0.000 |      0.001 |
| MGTAVcc   |       1.000 |     0.000 |       0.000 |      0.000 |
| MGTAVtt   |       1.200 |     0.000 |       0.000 |      0.000 |
| MGTVccaux |       1.800 |     0.000 |       0.000 |      0.000 |
| Vccpint   |       1.000 |     0.683 |       0.652 |      0.031 |
| Vccpaux   |       1.800 |     0.036 |       0.025 |      0.010 |
| Vccpll    |       1.800 |     0.018 |       0.015 |      0.003 |
| Vcco_ddr  |       1.500 |     0.354 |       0.352 |      0.002 |
| Vcco_mio0 |       3.300 |     0.001 |       0.000 |      0.001 |
| Vcco_mio1 |       1.800 |     0.001 |       0.000 |      0.001 |
| Vccadc    |       1.800 |     0.020 |       0.000 |      0.020 |
+-----------+-------------+-----------+-------------+------------+


1.3 Confidence Level
--------------------

+-----------------------------+------------+--------------------------------------------------------+------------------------------------------------------------------------------------------------------------+
| User Input Data             | Confidence | Details                                                | Action                                                                                                     |
+-----------------------------+------------+--------------------------------------------------------+------------------------------------------------------------------------------------------------------------+
| Design implementation state | High       | Design is routed                                       |                                                                                                            |
| Clock nodes activity        | High       | User specified more than 95% of clocks                 |                                                                                                            |
| I/O nodes activity          | Low        | More than 75% of inputs are missing user specification | Provide missing input activity with simulation results or by editing the "By Resource Type -> I/Os" view   |
| Internal nodes activity     | Medium     | User specified less than 25% of internal nodes         | Provide missing internal nodes activity with simulation results or by editing the "By Resource Type" views |
| Device models               | High       | Device models are Production                           |                                                                                                            |
|                             |            |                                                        |                                                                                                            |
| Overall confidence level    | Low        |                                                        |                                                                                                            |
+-----------------------------+------------+--------------------------------------------------------+------------------------------------------------------------------------------------------------------------+


2. Settings
-----------

2.1 Environment
---------------

+-----------------------+------------------------+
| Ambient Temp (C)      | 25.0                   |
| ThetaJA (C/W)         | 11.5                   |
| Airflow (LFM)         | 250                    |
| Heat Sink             | none                   |
| ThetaSA (C/W)         | 0.0                    |
| Board Selection       | medium (10"x10")       |
| # of Board Layers     | 8to11 (8 to 11 Layers) |
| Board Temperature (C) | 25.0                   |
+-----------------------+------------------------+


2.2 Clock Constraints
---------------------

+------------------------------------------------------------------------------------------+-----------------------------------------------------------------------------------------------------+-----------------+
| Clock                                                                                    | Domain                                                                                              | Constraint (ns) |
+------------------------------------------------------------------------------------------+-----------------------------------------------------------------------------------------------------+-----------------+
| clk_fpga_0                                                                               | dac_sys_i/processing_system7_0/inst/FCLK_CLK_unbuffered[0]                                          |            10.0 |
| clk_out1_clk_wiz_0                                                                       | dac_sys_i/our_dac_0/inst/our_dac_v1_0_S0_AXI_inst/u_dac666/clk_wiz_instance/inst/clk_out1_clk_wiz_0 |             6.1 |
| clkfbout_clk_wiz_0                                                                       | dac_sys_i/our_dac_0/inst/our_dac_v1_0_S0_AXI_inst/u_dac666/clk_wiz_instance/inst/clkfbout_clk_wiz_0 |             8.0 |
| dac_sys_i/our_dac_0/inst/our_dac_v1_0_S0_AXI_inst/u_dac666/clk_wiz_instance/inst/clk_in1 | sys_clk_IBUF_BUFG                                                                                   |             8.0 |
+------------------------------------------------------------------------------------------+-----------------------------------------------------------------------------------------------------+-----------------+


3. Detailed Reports
-------------------

3.1 By Hierarchy
----------------

+--------------------------+-----------+
| Name                     | Power (W) |
+--------------------------+-----------+
| dac_sys_wrapper          |     1.612 |
|   dac_sys_i              |     1.530 |
|     our_dac_0            |     0.272 |
|       inst               |     0.270 |
|     processing_system7_0 |     1.254 |
|       inst               |     1.254 |
|     ps7_0_axi_periph     |     0.004 |
|       s00_couplers       |     0.004 |
+--------------------------+-----------+


